# JRE version: Java(TM) SE Runtime Environment (8.0_77-b03) (build 1.8.0_77-b03)
# Java VM: Java HotSpot(TM) 64-Bit Server VM (25.77-b03 mixed mode windows-amd64 compressed oops)
Heap:
 PSYoungGen      total 40448K, used 28786K [0x000000078b100000, 0x000000078dc00000, 0x00000007c0000000)
  eden space 37888K, 75% used [0x000000078b100000,0x000000078ccec940,0x000000078d600000)
  from space 2560K, 7% used [0x000000078d980000,0x000000078d9b0000,0x000000078dc00000)
  to   space 3072K, 0% used [0x000000078d600000,0x000000078d600000,0x000000078d900000)
 ParOldGen       total 109568K, used 1611K [0x0000000721200000, 0x0000000727d00000, 0x000000078b100000)
  object space 109568K, 1% used [0x0000000721200000,0x0000000721392f30,0x0000000727d00000)
 Metaspace       used 7030K, capacity 7292K, committed 7424K, reserved 1056768K
  class space    used 823K, capacity 914K, committed 1024K, reserved 1048576K
GC Heap History (10 events):
Event: 1170.559 GC heap before
{Heap before GC invocations=6 (full 0):
 PSYoungGen      total 42496K, used 42080K [0x000000078b100000, 0x000000078e000000, 0x00000007c0000000)
  eden space 40448K, 100% used [0x000000078b100000,0x000000078d880000,0x000000078d880000)
  from space 2048K, 79% used [0x000000078d900000,0x000000078da98020,0x000000078db00000)
  to   space 2560K, 0% used [0x000000078dd80000,0x000000078dd80000,0x000000078e000000)
 ParOldGen       total 109568K, used 16K [0x0000000721200000, 0x0000000727d00000, 0x000000078b100000)
  object space 109568K, 0% used [0x0000000721200000,0x0000000721204000,0x0000000727d00000)
 Metaspace       used 6983K, capacity 7254K, committed 7424K, reserved 1056768K
  class space    used 816K, capacity 903K, committed 1024K, reserved 1048576K
Event: 1170.563 GC heap after
Heap after GC invocations=6 (full 0):
 PSYoungGen      total 41984K, used 1648K [0x000000078b100000, 0x000000078df80000, 0x00000007c0000000)
  eden space 39936K, 0% used [0x000000078b100000,0x000000078b100000,0x000000078d800000)
  from space 2048K, 80% used [0x000000078dd80000,0x000000078df1c010,0x000000078df80000)
  to   space 2560K, 0% used [0x000000078da80000,0x000000078da80000,0x000000078dd00000)
 ParOldGen       total 109568K, used 16K [0x0000000721200000, 0x0000000727d00000, 0x000000078b100000)
  object space 109568K, 0% used [0x0000000721200000,0x0000000721204000,0x0000000727d00000)
 Metaspace       used 6983K, capacity 7254K, committed 7424K, reserved 1056768K
  class space    used 816K, capacity 903K, committed 1024K, reserved 1048576K
}
Event: 1373.074 GC heap before
{Heap before GC invocations=7 (full 0):
 PSYoungGen      total 41984K, used 41584K [0x000000078b100000, 0x000000078df80000, 0x00000007c0000000)
  eden space 39936K, 100% used [0x000000078b100000,0x000000078d800000,0x000000078d800000)
  from space 2048K, 80% used [0x000000078dd80000,0x000000078df1c010,0x000000078df80000)
  to   space 2560K, 0% used [0x000000078da80000,0x000000078da80000,0x000000078dd00000)
 ParOldGen       total 109568K, used 16K [0x0000000721200000, 0x0000000727d00000, 0x000000078b100000)
  object space 109568K, 0% used [0x0000000721200000,0x0000000721204000,0x0000000727d00000)
 Metaspace       used 6983K, capacity 7254K, committed 7424K, reserved 1056768K
  class space    used 816K, capacity 903K, committed 1024K, reserved 1048576K
Event: 1373.082 GC heap after
Heap after GC invocations=7 (full 0):
 PSYoungGen      total 39936K, used 64K [0x000000078b100000, 0x000000078de00000, 0x00000007c0000000)
  eden space 39424K, 0% used [0x000000078b100000,0x000000078b100000,0x000000078d780000)
  from space 512K, 12% used [0x000000078da80000,0x000000078da90000,0x000000078db00000)
  to   space 2560K, 0% used [0x000000078db80000,0x000000078db80000,0x000000078de00000)
 ParOldGen       total 109568K, used 1603K [0x0000000721200000, 0x0000000727d00000, 0x000000078b100000)
  object space 109568K, 1% used [0x0000000721200000,0x0000000721390f30,0x0000000727d00000)
 Metaspace       used 6983K, capacity 7254K, committed 7424K, reserved 1056768K
  class space    used 816K, capacity 903K, committed 1024K, reserved 1048576K
}
Event: 1571.533 GC heap before
{Heap before GC invocations=8 (full 0):
 PSYoungGen      total 39936K, used 39488K [0x000000078b100000, 0x000000078de00000, 0x00000007c0000000)
  eden space 39424K, 100% used [0x000000078b100000,0x000000078d780000,0x000000078d780000)
  from space 512K, 12% used [0x000000078da80000,0x000000078da90000,0x000000078db00000)
  to   space 2560K, 0% used [0x000000078db80000,0x000000078db80000,0x000000078de00000)
 ParOldGen       total 109568K, used 1603K [0x0000000721200000, 0x0000000727d00000, 0x000000078b100000)
  object space 109568K, 1% used [0x0000000721200000,0x0000000721390f30,0x0000000727d00000)
 Metaspace       used 6983K, capacity 7254K, committed 7424K, reserved 1056768K
  class space    used 816K, capacity 903K, committed 1024K, reserved 1048576K
Event: 1571.555 GC heap after
Heap after GC invocations=8 (full 0):
 PSYoungGen      total 40448K, used 64K [0x000000078b100000, 0x000000078dd00000, 0x00000007c0000000)
  eden space 38912K, 0% used [0x000000078b100000,0x000000078b100000,0x000000078d700000)
  from space 1536K, 4% used [0x000000078db80000,0x000000078db90000,0x000000078dd00000)
  to   space 3072K, 0% used [0x000000078d700000,0x000000078d700000,0x000000078da00000)
 ParOldGen       total 109568K, used 1603K [0x0000000721200000, 0x0000000727d00000, 0x000000078b100000)
  object space 109568K, 1% used [0x0000000721200000,0x0000000721390f30,0x0000000727d00000)
 Metaspace       used 6983K, capacity 7254K, committed 7424K, reserved 1056768K
  class space    used 816K, capacity 903K, committed 1024K, reserved 1048576K
}
Event: 1768.479 GC heap before
{Heap before GC invocations=9 (full 0):
 PSYoungGen      total 40448K, used 38976K [0x000000078b100000, 0x000000078dd00000, 0x00000007c0000000)
  eden space 38912K, 100% used [0x000000078b100000,0x000000078d700000,0x000000078d700000)
  from space 1536K, 4% used [0x000000078db80000,0x000000078db90000,0x000000078dd00000)
  to   space 3072K, 0% used [0x000000078d700000,0x000000078d700000,0x000000078da00000)
 ParOldGen       total 109568K, used 1603K [0x0000000721200000, 0x0000000727d00000, 0x000000078b100000)
  object space 109568K, 1% used [0x0000000721200000,0x0000000721390f30,0x0000000727d00000)
 Metaspace       used 6983K, capacity 7254K, committed 7424K, reserved 1056768K
  class space    used 816K, capacity 903K, committed 1024K, reserved 1048576K
Event: 1768.479 GC heap after
Heap after GC invocations=9 (full 0):
 PSYoungGen      total 38912K, used 96K [0x000000078b100000, 0x000000078dc80000, 0x00000007c0000000)
  eden space 38400K, 0% used [0x000000078b100000,0x000000078b100000,0x000000078d680000)
  from space 512K, 18% used [0x000000078d700000,0x000000078d718000,0x000000078d780000)
  to   space 3072K, 0% used [0x000000078d980000,0x000000078d980000,0x000000078dc80000)
 ParOldGen       total 109568K, used 1603K [0x0000000721200000, 0x0000000727d00000, 0x000000078b100000)
  object space 109568K, 1% used [0x0000000721200000,0x0000000721390f30,0x0000000727d00000)
 Metaspace       used 6983K, capacity 7254K, committed 7424K, reserved 1056768K
  class space    used 816K, capacity 903K, committed 1024K, reserved 1048576K
}
Event: 1979.770 GC heap before
{Heap before GC invocations=10 (full 0):
 PSYoungGen      total 38912K, used 38496K [0x000000078b100000, 0x000000078dc80000, 0x00000007c0000000)
  eden space 38400K, 100% used [0x000000078b100000,0x000000078d680000,0x000000078d680000)
  from space 512K, 18% used [0x000000078d700000,0x000000078d718000,0x000000078d780000)
  to   space 3072K, 0% used [0x000000078d980000,0x000000078d980000,0x000000078dc80000)
 ParOldGen       total 109568K, used 1603K [0x0000000721200000, 0x0000000727d00000, 0x000000078b100000)
  object space 109568K, 1% used [0x0000000721200000,0x0000000721390f30,0x0000000727d00000)
 Metaspace       used 7030K, capacity 7292K, committed 7424K, reserved 1056768K
  class space    used 823K, capacity 914K, committed 1024K, reserved 1048576K
Event: 1979.771 GC heap after
Heap after GC invocations=10 (full 0):
 PSYoungGen      total 40448K, used 192K [0x000000078b100000, 0x000000078dc00000, 0x00000007c0000000)
  eden space 37888K, 0% used [0x000000078b100000,0x000000078b100000,0x000000078d600000)
  from space 2560K, 7% used [0x000000078d980000,0x000000078d9b0000,0x000000078dc00000)
  to   space 3072K, 0% used [0x000000078d600000,0x000000078d600000,0x000000078d900000)
 ParOldGen       total 109568K, used 1611K [0x0000000721200000, 0x0000000727d00000, 0x000000078b100000)
  object space 109568K, 1% used [0x0000000721200000,0x0000000721392f30,0x0000000727d00000)
 Metaspace       used 7030K, capacity 7292K, committed 7424K, reserved 1056768K
  class space    used 823K, capacity 914K, committed 1024K, reserved 1048576K
}

