# JRE version: Java(TM) SE Runtime Environment (8.0_77-b03) (build 1.8.0_77-b03)
# Java VM: Java HotSpot(TM) 64-Bit Server VM (25.77-b03 mixed mode windows-amd64 compressed oops)
Heap:
 PSYoungGen      total 47616K, used 6656K [0x000000078b100000, 0x000000078e600000, 0x00000007c0000000)
  eden space 40960K, 0% used [0x000000078b100000,0x000000078b100000,0x000000078d900000)
  from space 6656K, 100% used [0x000000078d900000,0x000000078df80000,0x000000078df80000)
  to   space 6656K, 0% used [0x000000078df80000,0x000000078df80000,0x000000078e600000)
 ParOldGen       total 109568K, used 8953K [0x0000000721200000, 0x0000000727d00000, 0x000000078b100000)
  object space 109568K, 8% used [0x0000000721200000,0x0000000721abe6b8,0x0000000727d00000)
 Metaspace       used 20696K, capacity 21156K, committed 21296K, reserved 1069056K
  class space    used 2493K, capacity 2644K, committed 2688K, reserved 1048576K
GC Heap History (10 events):
Event: 5.875 GC heap after
Heap after GC invocations=1 (full 0):
 PSYoungGen      total 47616K, used 6569K [0x000000078b100000, 0x000000078e600000, 0x00000007c0000000)
  eden space 40960K, 0% used [0x000000078b100000,0x000000078b100000,0x000000078d900000)
  from space 6656K, 98% used [0x000000078d900000,0x000000078df6a488,0x000000078df80000)
  to   space 6656K, 0% used [0x000000078df80000,0x000000078df80000,0x000000078e600000)
 ParOldGen       total 109568K, used 16K [0x0000000721200000, 0x0000000727d00000, 0x000000078b100000)
  object space 109568K, 0% used [0x0000000721200000,0x0000000721204000,0x0000000727d00000)
 Metaspace       used 8983K, capacity 9128K, committed 9344K, reserved 1056768K
  class space    used 1099K, capacity 1146K, committed 1152K, reserved 1048576K
}
Event: 12.935 GC heap before
{Heap before GC invocations=2 (full 0):
 PSYoungGen      total 47616K, used 47529K [0x000000078b100000, 0x000000078e600000, 0x00000007c0000000)
  eden space 40960K, 100% used [0x000000078b100000,0x000000078d900000,0x000000078d900000)
  from space 6656K, 98% used [0x000000078d900000,0x000000078df6a488,0x000000078df80000)
  to   space 6656K, 0% used [0x000000078df80000,0x000000078df80000,0x000000078e600000)
 ParOldGen       total 109568K, used 16K [0x0000000721200000, 0x0000000727d00000, 0x000000078b100000)
  object space 109568K, 0% used [0x0000000721200000,0x0000000721204000,0x0000000727d00000)
 Metaspace       used 14437K, capacity 14634K, committed 14720K, reserved 1062912K
  class space    used 1787K, capacity 1903K, committed 1920K, reserved 1048576K
Event: 12.980 GC heap after
Heap after GC invocations=2 (full 0):
 PSYoungGen      total 47616K, used 6653K [0x000000078b100000, 0x000000078e600000, 0x00000007c0000000)
  eden space 40960K, 0% used [0x000000078b100000,0x000000078b100000,0x000000078d900000)
  from space 6656K, 99% used [0x000000078df80000,0x000000078e5ff6d0,0x000000078e600000)
  to   space 6656K, 0% used [0x000000078d900000,0x000000078d900000,0x000000078df80000)
 ParOldGen       total 109568K, used 1988K [0x0000000721200000, 0x0000000727d00000, 0x000000078b100000)
  object space 109568K, 1% used [0x0000000721200000,0x00000007213f1260,0x0000000727d00000)
 Metaspace       used 14437K, capacity 14634K, committed 14720K, reserved 1062912K
  class space    used 1787K, capacity 1903K, committed 1920K, reserved 1048576K
}
Event: 21.842 GC heap before
{Heap before GC invocations=3 (full 0):
 PSYoungGen      total 47616K, used 47613K [0x000000078b100000, 0x000000078e600000, 0x00000007c0000000)
  eden space 40960K, 100% used [0x000000078b100000,0x000000078d900000,0x000000078d900000)
  from space 6656K, 99% used [0x000000078df80000,0x000000078e5ff6d0,0x000000078e600000)
  to   space 6656K, 0% used [0x000000078d900000,0x000000078d900000,0x000000078df80000)
 ParOldGen       total 109568K, used 1988K [0x0000000721200000, 0x0000000727d00000, 0x000000078b100000)
  object space 109568K, 1% used [0x0000000721200000,0x00000007213f1260,0x0000000727d00000)
 Metaspace       used 15187K, capacity 15424K, committed 15616K, reserved 1062912K
  class space    used 1836K, capacity 1944K, committed 2048K, reserved 1048576K
Event: 21.859 GC heap after
Heap after GC invocations=3 (full 0):
 PSYoungGen      total 47616K, used 6624K [0x000000078b100000, 0x000000078e600000, 0x00000007c0000000)
  eden space 40960K, 0% used [0x000000078b100000,0x000000078b100000,0x000000078d900000)
  from space 6656K, 99% used [0x000000078d900000,0x000000078df78020,0x000000078df80000)
  to   space 6656K, 0% used [0x000000078df80000,0x000000078df80000,0x000000078e600000)
 ParOldGen       total 109568K, used 2444K [0x0000000721200000, 0x0000000727d00000, 0x000000078b100000)
  object space 109568K, 2% used [0x0000000721200000,0x00000007214631e0,0x0000000727d00000)
 Metaspace       used 15187K, capacity 15424K, committed 15616K, reserved 1062912K
  class space    used 1836K, capacity 1944K, committed 2048K, reserved 1048576K
}
Event: 23.565 GC heap before
{Heap before GC invocations=4 (full 0):
 PSYoungGen      total 47616K, used 47584K [0x000000078b100000, 0x000000078e600000, 0x00000007c0000000)
  eden space 40960K, 100% used [0x000000078b100000,0x000000078d900000,0x000000078d900000)
  from space 6656K, 99% used [0x000000078d900000,0x000000078df78020,0x000000078df80000)
  to   space 6656K, 0% used [0x000000078df80000,0x000000078df80000,0x000000078e600000)
 ParOldGen       total 109568K, used 2444K [0x0000000721200000, 0x0000000727d00000, 0x000000078b100000)
  object space 109568K, 2% used [0x0000000721200000,0x00000007214631e0,0x0000000727d00000)
 Metaspace       used 16305K, capacity 16632K, committed 16896K, reserved 1064960K
  class space    used 1940K, capacity 2048K, committed 2048K, reserved 1048576K
Event: 23.598 GC heap after
Heap after GC invocations=4 (full 0):
 PSYoungGen      total 47616K, used 6640K [0x000000078b100000, 0x000000078e600000, 0x00000007c0000000)
  eden space 40960K, 0% used [0x000000078b100000,0x000000078b100000,0x000000078d900000)
  from space 6656K, 99% used [0x000000078df80000,0x000000078e5fc030,0x000000078e600000)
  to   space 6656K, 0% used [0x000000078d900000,0x000000078d900000,0x000000078df80000)
 ParOldGen       total 109568K, used 5012K [0x0000000721200000, 0x0000000727d00000, 0x000000078b100000)
  object space 109568K, 4% used [0x0000000721200000,0x00000007216e52a0,0x0000000727d00000)
 Metaspace       used 16305K, capacity 16632K, committed 16896K, reserved 1064960K
  class space    used 1940K, capacity 2048K, committed 2048K, reserved 1048576K
}
Event: 25.083 GC heap before
{Heap before GC invocations=5 (full 0):
 PSYoungGen      total 47616K, used 42489K [0x000000078b100000, 0x000000078e600000, 0x00000007c0000000)
  eden space 40960K, 87% used [0x000000078b100000,0x000000078d4023d8,0x000000078d900000)
  from space 6656K, 99% used [0x000000078df80000,0x000000078e5fc030,0x000000078e600000)
  to   space 6656K, 0% used [0x000000078d900000,0x000000078d900000,0x000000078df80000)
 ParOldGen       total 109568K, used 5012K [0x0000000721200000, 0x0000000727d00000, 0x000000078b100000)
  object space 109568K, 4% used [0x0000000721200000,0x00000007216e52a0,0x0000000727d00000)
 Metaspace       used 20696K, capacity 21156K, committed 21296K, reserved 1069056K
  class space    used 2493K, capacity 2644K, committed 2688K, reserved 1048576K
Event: 25.133 GC heap after
Heap after GC invocations=5 (full 0):
 PSYoungGen      total 47616K, used 6656K [0x000000078b100000, 0x000000078e600000, 0x00000007c0000000)
  eden space 40960K, 0% used [0x000000078b100000,0x000000078b100000,0x000000078d900000)
  from space 6656K, 100% used [0x000000078d900000,0x000000078df80000,0x000000078df80000)
  to   space 6656K, 0% used [0x000000078df80000,0x000000078df80000,0x000000078e600000)
 ParOldGen       total 109568K, used 8953K [0x0000000721200000, 0x0000000727d00000, 0x000000078b100000)
  object space 109568K, 8% used [0x0000000721200000,0x0000000721abe6b8,0x0000000727d00000)
 Metaspace       used 20696K, capacity 21156K, committed 21296K, reserved 1069056K
  class space    used 2493K, capacity 2644K, committed 2688K, reserved 1048576K
}
Event: 25.133 GC heap before
{Heap before GC invocations=6 (full 1):
 PSYoungGen      total 47616K, used 6656K [0x000000078b100000, 0x000000078e600000, 0x00000007c0000000)
  eden space 40960K, 0% used [0x000000078b100000,0x000000078b100000,0x000000078d900000)
  from space 6656K, 100% used [0x000000078d900000,0x000000078df80000,0x000000078df80000)
  to   space 6656K, 0% used [0x000000078df80000,0x000000078df80000,0x000000078e600000)
 ParOldGen       total 109568K, used 8953K [0x0000000721200000, 0x0000000727d00000, 0x000000078b100000)
  object space 109568K, 8% used [0x0000000721200000,0x0000000721abe6b8,0x0000000727d00000)
 Metaspace       used 20696K, capacity 21156K, committed 21296K, reserved 1069056K
  class space    used 2493K, capacity 2644K, committed 2688K, reserved 1048576K

