# JRE version: Java(TM) SE Runtime Environment (8.0_77-b03) (build 1.8.0_77-b03)
# Java VM: Java HotSpot(TM) 64-Bit Server VM (25.77-b03 mixed mode windows-amd64 compressed oops)
Heap:
 PSYoungGen      total 47616K, used 13409K [0x000000078b100000, 0x0000000790e00000, 0x00000007c0000000)
  eden space 40960K, 16% used [0x000000078b100000,0x000000078b798df8,0x000000078d900000)
  from space 6656K, 99% used [0x000000078df80000,0x000000078e5ff948,0x000000078e600000)
  to   space 6656K, 0% used [0x000000078d900000,0x000000078d900000,0x000000078df80000)
 ParOldGen       total 109568K, used 1927K [0x0000000721200000, 0x0000000727d00000, 0x000000078b100000)
  object space 109568K, 1% used [0x0000000721200000,0x00000007213e1fa0,0x0000000727d00000)
 Metaspace       used 14805K, capacity 15018K, committed 15232K, reserved 1062912K
  class space    used 1817K, capacity 1903K, committed 1920K, reserved 1048576K
GC Heap History (4 events):
Event: 1.778 GC heap before
{Heap before GC invocations=1 (full 0):
 PSYoungGen      total 47616K, used 40960K [0x000000078b100000, 0x000000078e600000, 0x00000007c0000000)
  eden space 40960K, 100% used [0x000000078b100000,0x000000078d900000,0x000000078d900000)
  from space 6656K, 0% used [0x000000078df80000,0x000000078df80000,0x000000078e600000)
  to   space 6656K, 0% used [0x000000078d900000,0x000000078d900000,0x000000078df80000)
 ParOldGen       total 109568K, used 0K [0x0000000721200000, 0x0000000727d00000, 0x000000078b100000)
  object space 109568K, 0% used [0x0000000721200000,0x0000000721200000,0x0000000727d00000)
 Metaspace       used 8894K, capacity 9000K, committed 9088K, reserved 1056768K
  class space    used 1088K, capacity 1146K, committed 1152K, reserved 1048576K
Event: 1.795 GC heap after
Heap after GC invocations=1 (full 0):
 PSYoungGen      total 47616K, used 6481K [0x000000078b100000, 0x000000078e600000, 0x00000007c0000000)
  eden space 40960K, 0% used [0x000000078b100000,0x000000078b100000,0x000000078d900000)
  from space 6656K, 97% used [0x000000078d900000,0x000000078df544d0,0x000000078df80000)
  to   space 6656K, 0% used [0x000000078df80000,0x000000078df80000,0x000000078e600000)
 ParOldGen       total 109568K, used 16K [0x0000000721200000, 0x0000000727d00000, 0x000000078b100000)
  object space 109568K, 0% used [0x0000000721200000,0x0000000721204000,0x0000000727d00000)
 Metaspace       used 8894K, capacity 9000K, committed 9088K, reserved 1056768K
  class space    used 1088K, capacity 1146K, committed 1152K, reserved 1048576K
}
Event: 3.253 GC heap before
{Heap before GC invocations=2 (full 0):
 PSYoungGen      total 47616K, used 47441K [0x000000078b100000, 0x000000078e600000, 0x00000007c0000000)
  eden space 40960K, 100% used [0x000000078b100000,0x000000078d900000,0x000000078d900000)
  from space 6656K, 97% used [0x000000078d900000,0x000000078df544d0,0x000000078df80000)
  to   space 6656K, 0% used [0x000000078df80000,0x000000078df80000,0x000000078e600000)
 ParOldGen       total 109568K, used 16K [0x0000000721200000, 0x0000000727d00000, 0x000000078b100000)
  object space 109568K, 0% used [0x0000000721200000,0x0000000721204000,0x0000000727d00000)
 Metaspace       used 14323K, capacity 14570K, committed 14720K, reserved 1062912K
  class space    used 1782K, capacity 1903K, committed 1920K, reserved 1048576K
Event: 3.278 GC heap after
Heap after GC invocations=2 (full 0):
 PSYoungGen      total 47616K, used 6654K [0x000000078b100000, 0x0000000790e00000, 0x00000007c0000000)
  eden space 40960K, 0% used [0x000000078b100000,0x000000078b100000,0x000000078d900000)
  from space 6656K, 99% used [0x000000078df80000,0x000000078e5ff948,0x000000078e600000)
  to   space 6656K, 0% used [0x000000078d900000,0x000000078d900000,0x000000078df80000)
 ParOldGen       total 109568K, used 1927K [0x0000000721200000, 0x0000000727d00000, 0x000000078b100000)
  object space 109568K, 1% used [0x0000000721200000,0x00000007213e1fa0,0x0000000727d00000)
 Metaspace       used 14323K, capacity 14570K, committed 14720K, reserved 1062912K
  class space    used 1782K, capacity 1903K, committed 1920K, reserved 1048576K
}

